# JRE version: Java(TM) SE Runtime Environment (8.0_121-b13) (build 1.8.0_121-b13)
# Java VM: Java HotSpot(TM) 64-Bit Server VM (25.121-b13 mixed mode linux-amd64 compressed oops)
Heap:
 PSYoungGen      total 1631232K, used 525231K [0x000000072ab00000, 0x00000007c0000000, 0x00000007c0000000)
  eden space 816128K, 0% used [0x000000072ab00000,0x000000072ab00000,0x000000075c800000)
  from space 815104K, 64% used [0x000000078e400000,0x00000007ae4ebd18,0x00000007c0000000)
  to   space 815104K, 0% used [0x000000075c800000,0x000000075c800000,0x000000078e400000)
 ParOldGen       total 2765312K, used 2765117K [0x0000000600000000, 0x00000006a8c80000, 0x000000072ab00000)
  object space 2765312K, 99% used [0x0000000600000000,0x00000006a8c4f698,0x00000006a8c80000)
 Metaspace       used 2851K, capacity 4564K, committed 4864K, reserved 1056768K
  class space    used 287K, capacity 388K, committed 512K, reserved 1048576K
GC Heap History (10 events):
Event: 116,869 GC heap after
Heap after GC invocations=41 (full 8):
 PSYoungGen      total 1569792K, used 753655K [0x000000072ab00000, 0x00000007c0000000, 0x00000007c0000000)
  eden space 816128K, 0% used [0x000000072ab00000,0x000000072ab00000,0x000000075c800000)
  from space 753664K, 99% used [0x0000000792000000,0x00000007bfffdc60,0x00000007c0000000)
  to   space 815104K, 0% used [0x000000075c800000,0x000000075c800000,0x000000078e400000)
 ParOldGen       total 2765312K, used 2104223K [0x0000000600000000, 0x00000006a8c80000, 0x000000072ab00000)
  object space 2765312K, 76% used [0x0000000600000000,0x00000006806e7d18,0x00000006a8c80000)
 Metaspace       used 2851K, capacity 4564K, committed 4864K, reserved 1056768K
  class space    used 287K, capacity 388K, committed 512K, reserved 1048576K
}
Event: 119,931 GC heap before
{Heap before GC invocations=42 (full 8):
 PSYoungGen      total 1569792K, used 1569783K [0x000000072ab00000, 0x00000007c0000000, 0x00000007c0000000)
  eden space 816128K, 100% used [0x000000072ab00000,0x000000075c800000,0x000000075c800000)
  from space 753664K, 99% used [0x0000000792000000,0x00000007bfffdc60,0x00000007c0000000)
  to   space 815104K, 0% used [0x000000075c800000,0x000000075c800000,0x000000078e400000)
 ParOldGen       total 2765312K, used 2104223K [0x0000000600000000, 0x00000006a8c80000, 0x000000072ab00000)
  object space 2765312K, 76% used [0x0000000600000000,0x00000006806e7d18,0x00000006a8c80000)
 Metaspace       used 2851K, capacity 4564K, committed 4864K, reserved 1056768K
  class space    used 287K, capacity 388K, committed 512K, reserved 1048576K
Event: 120,574 GC heap after
Heap after GC invocations=42 (full 8):
 PSYoungGen      total 1631232K, used 815095K [0x000000072ab00000, 0x00000007c0000000, 0x00000007c0000000)
  eden space 816128K, 0% used [0x000000072ab00000,0x000000072ab00000,0x000000075c800000)
  from space 815104K, 99% used [0x000000075c800000,0x000000078e3fdc60,0x000000078e400000)
  to   space 815104K, 0% used [0x000000078e400000,0x000000078e400000,0x00000007c0000000)
 ParOldGen       total 2765312K, used 2157359K [0x0000000600000000, 0x00000006a8c80000, 0x000000072ab00000)
  object space 2765312K, 78% used [0x0000000600000000,0x0000000683acbd18,0x00000006a8c80000)
 Metaspace       used 2851K, capacity 4564K, committed 4864K, reserved 1056768K
  class space    used 287K, capacity 388K, committed 512K, reserved 1048576K
}
Event: 123,355 GC heap before
{Heap before GC invocations=43 (full 8):
 PSYoungGen      total 1631232K, used 1631223K [0x000000072ab00000, 0x00000007c0000000, 0x00000007c0000000)
  eden space 816128K, 100% used [0x000000072ab00000,0x000000075c800000,0x000000075c800000)
  from space 815104K, 99% used [0x000000075c800000,0x000000078e3fdc60,0x000000078e400000)
  to   space 815104K, 0% used [0x000000078e400000,0x000000078e400000,0x00000007c0000000)
 ParOldGen       total 2765312K, used 2157359K [0x0000000600000000, 0x00000006a8c80000, 0x000000072ab00000)
  object space 2765312K, 78% used [0x0000000600000000,0x0000000683acbd18,0x00000006a8c80000)
 Metaspace       used 2851K, capacity 4564K, committed 4864K, reserved 1056768K
  class space    used 287K, capacity 388K, committed 512K, reserved 1048576K
Event: 124,058 GC heap after
Heap after GC invocations=43 (full 8):
 PSYoungGen      total 1631232K, used 815095K [0x000000072ab00000, 0x00000007c0000000, 0x00000007c0000000)
  eden space 816128K, 0% used [0x000000072ab00000,0x000000072ab00000,0x000000075c800000)
  from space 815104K, 99% used [0x000000078e400000,0x00000007bfffdc60,0x00000007c0000000)
  to   space 815104K, 0% used [0x000000075c800000,0x000000075c800000,0x000000078e400000)
 ParOldGen       total 2765312K, used 2272567K [0x0000000600000000, 0x00000006a8c80000, 0x000000072ab00000)
  object space 2765312K, 82% used [0x0000000600000000,0x000000068ab4dd18,0x00000006a8c80000)
 Metaspace       used 2851K, capacity 4564K, committed 4864K, reserved 1056768K
  class space    used 287K, capacity 388K, committed 512K, reserved 1048576K
}
Event: 127,177 GC heap before
{Heap before GC invocations=44 (full 8):
 PSYoungGen      total 1631232K, used 1631223K [0x000000072ab00000, 0x00000007c0000000, 0x00000007c0000000)
  eden space 816128K, 100% used [0x000000072ab00000,0x000000075c800000,0x000000075c800000)
  from space 815104K, 99% used [0x000000078e400000,0x00000007bfffdc60,0x00000007c0000000)
  to   space 815104K, 0% used [0x000000075c800000,0x000000075c800000,0x000000078e400000)
 ParOldGen       total 2765312K, used 2272567K [0x0000000600000000, 0x00000006a8c80000, 0x000000072ab00000)
  object space 2765312K, 82% used [0x0000000600000000,0x000000068ab4dd18,0x00000006a8c80000)
 Metaspace       used 2851K, capacity 4564K, committed 4864K, reserved 1056768K
  class space    used 287K, capacity 388K, committed 512K, reserved 1048576K
Event: 127,943 GC heap after
Heap after GC invocations=44 (full 8):
 PSYoungGen      total 1631232K, used 815095K [0x000000072ab00000, 0x00000007c0000000, 0x00000007c0000000)
  eden space 816128K, 0% used [0x000000072ab00000,0x000000072ab00000,0x000000075c800000)
  from space 815104K, 99% used [0x000000075c800000,0x000000078e3fdc60,0x000000078e400000)
  to   space 815104K, 0% used [0x000000078e400000,0x000000078e400000,0x00000007c0000000)
 ParOldGen       total 2765312K, used 2386071K [0x0000000600000000, 0x00000006a8c80000, 0x000000072ab00000)
  object space 2765312K, 86% used [0x0000000600000000,0x0000000691a25d18,0x00000006a8c80000)
 Metaspace       used 2851K, capacity 4564K, committed 4864K, reserved 1056768K
  class space    used 287K, capacity 388K, committed 512K, reserved 1048576K
}
Event: 130,585 GC heap before
{Heap before GC invocations=45 (full 8):
 PSYoungGen      total 1631232K, used 1631223K [0x000000072ab00000, 0x00000007c0000000, 0x00000007c0000000)
  eden space 816128K, 100% used [0x000000072ab00000,0x000000075c800000,0x000000075c800000)
  from space 815104K, 99% used [0x000000075c800000,0x000000078e3fdc60,0x000000078e400000)
  to   space 815104K, 0% used [0x000000078e400000,0x000000078e400000,0x00000007c0000000)
 ParOldGen       total 2765312K, used 2386071K [0x0000000600000000, 0x00000006a8c80000, 0x000000072ab00000)
  object space 2765312K, 86% used [0x0000000600000000,0x0000000691a25d18,0x00000006a8c80000)
 Metaspace       used 2851K, capacity 4564K, committed 4864K, reserved 1056768K
  class space    used 287K, capacity 388K, committed 512K, reserved 1048576K
Event: 131,372 GC heap after
Heap after GC invocations=45 (full 8):
 PSYoungGen      total 1631232K, used 669696K [0x000000072ab00000, 0x00000007c0000000, 0x00000007c0000000)
  eden space 816128K, 0% used [0x000000072ab00000,0x000000072ab00000,0x000000075c800000)
  from space 815104K, 82% used [0x000000078e400000,0x00000007b7200000,0x00000007c0000000)
  to   space 815104K, 0% used [0x000000075c800000,0x000000075c800000,0x000000078e400000)
 ParOldGen       total 2765312K, used 2647510K [0x0000000600000000, 0x00000006a8c80000, 0x000000072ab00000)
  object space 2765312K, 95% used [0x0000000600000000,0x00000006a1975978,0x00000006a8c80000)
 Metaspace       used 2851K, capacity 4564K, committed 4864K, reserved 1056768K
  class space    used 287K, capacity 388K, committed 512K, reserved 1048576K
}
Event: 131,372 GC heap before
{Heap before GC invocations=46 (full 9):
 PSYoungGen      total 1631232K, used 669696K [0x000000072ab00000, 0x00000007c0000000, 0x00000007c0000000)
  eden space 816128K, 0% used [0x000000072ab00000,0x000000072ab00000,0x000000075c800000)
  from space 815104K, 82% used [0x000000078e400000,0x00000007b7200000,0x00000007c0000000)
  to   space 815104K, 0% used [0x000000075c800000,0x000000075c800000,0x000000078e400000)
 ParOldGen       total 2765312K, used 2647510K [0x0000000600000000, 0x00000006a8c80000, 0x000000072ab00000)
  object space 2765312K, 95% used [0x0000000600000000,0x00000006a1975978,0x00000006a8c80000)
 Metaspace       used 2851K, capacity 4564K, committed 4864K, reserved 1056768K
  class space    used 287K, capacity 388K, committed 512K, reserved 1048576K

