# JRE version: Java(TM) SE Runtime Environment (8.0_121-b13) (build 1.8.0_121-b13)
# Java VM: Java HotSpot(TM) 64-Bit Server VM (25.121-b13 mixed mode linux-amd64 compressed oops)
Heap:
 PSYoungGen      total 1858560K, used 0K [0x0000000715d80000, 0x00000007c0000000, 0x00000007c0000000)
  eden space 929280K, 0% used [0x0000000715d80000,0x0000000715d80000,0x000000074e900000)
  from space 929280K, 0% used [0x000000074e900000,0x000000074e900000,0x0000000787480000)
  to   space 929280K, 0% used [0x0000000787480000,0x0000000787480000,0x00000007c0000000)
 ParOldGen       total 4697088K, used 4611318K [0x00000005c1800000, 0x00000006e0300000, 0x0000000715d80000)
  object space 4697088K, 98% used [0x00000005c1800000,0x00000006daf3db28,0x00000006e0300000)
 Metaspace       used 2851K, capacity 4564K, committed 4864K, reserved 1056768K
  class space    used 287K, capacity 388K, committed 512K, reserved 1048576K
GC Heap History (10 events):
Event: 189,361 GC heap after
Heap after GC invocations=51 (full 10):
 PSYoungGen      total 1858560K, used 392555K [0x0000000715d80000, 0x00000007c0000000, 0x00000007c0000000)
  eden space 929280K, 0% used [0x0000000715d80000,0x0000000715d80000,0x000000074e900000)
  from space 929280K, 42% used [0x000000074e900000,0x000000076685af20,0x0000000787480000)
  to   space 929280K, 0% used [0x0000000787480000,0x0000000787480000,0x00000007c0000000)
 ParOldGen       total 4697088K, used 3694626K [0x00000005c1800000, 0x00000006e0300000, 0x0000000715d80000)
  object space 4697088K, 78% used [0x00000005c1800000,0x00000006a3008aa0,0x00000006e0300000)
 Metaspace       used 2851K, capacity 4564K, committed 4864K, reserved 1056768K
  class space    used 287K, capacity 388K, committed 512K, reserved 1048576K
}
Event: 192,331 GC heap before
{Heap before GC invocations=52 (full 10):
 PSYoungGen      total 1858560K, used 1321835K [0x0000000715d80000, 0x00000007c0000000, 0x00000007c0000000)
  eden space 929280K, 100% used [0x0000000715d80000,0x000000074e900000,0x000000074e900000)
  from space 929280K, 42% used [0x000000074e900000,0x000000076685af20,0x0000000787480000)
  to   space 929280K, 0% used [0x0000000787480000,0x0000000787480000,0x00000007c0000000)
 ParOldGen       total 4697088K, used 3694626K [0x00000005c1800000, 0x00000006e0300000, 0x0000000715d80000)
  object space 4697088K, 78% used [0x00000005c1800000,0x00000006a3008aa0,0x00000006e0300000)
 Metaspace       used 2851K, capacity 4564K, committed 4864K, reserved 1056768K
  class space    used 287K, capacity 388K, committed 512K, reserved 1048576K
Event: 194,079 GC heap after
Heap after GC invocations=52 (full 10):
 PSYoungGen      total 1858560K, used 245888K [0x0000000715d80000, 0x00000007c0000000, 0x00000007c0000000)
  eden space 929280K, 0% used [0x0000000715d80000,0x0000000715d80000,0x000000074e900000)
  from space 929280K, 26% used [0x0000000787480000,0x00000007964a0000,0x00000007c0000000)
  to   space 929280K, 0% used [0x000000074e900000,0x000000074e900000,0x0000000787480000)
 ParOldGen       total 4697088K, used 3970834K [0x00000005c1800000, 0x00000006e0300000, 0x0000000715d80000)
  object space 4697088K, 84% used [0x00000005c1800000,0x00000006b3dc4aa0,0x00000006e0300000)
 Metaspace       used 2851K, capacity 4564K, committed 4864K, reserved 1056768K
  class space    used 287K, capacity 388K, committed 512K, reserved 1048576K
}
Event: 197,115 GC heap before
{Heap before GC invocations=53 (full 10):
 PSYoungGen      total 1858560K, used 1175168K [0x0000000715d80000, 0x00000007c0000000, 0x00000007c0000000)
  eden space 929280K, 100% used [0x0000000715d80000,0x000000074e900000,0x000000074e900000)
  from space 929280K, 26% used [0x0000000787480000,0x00000007964a0000,0x00000007c0000000)
  to   space 929280K, 0% used [0x000000074e900000,0x000000074e900000,0x0000000787480000)
 ParOldGen       total 4697088K, used 3970834K [0x00000005c1800000, 0x00000006e0300000, 0x0000000715d80000)
  object space 4697088K, 84% used [0x00000005c1800000,0x00000006b3dc4aa0,0x00000006e0300000)
 Metaspace       used 2851K, capacity 4564K, committed 4864K, reserved 1056768K
  class space    used 287K, capacity 388K, committed 512K, reserved 1048576K
Event: 197,899 GC heap after
Heap after GC invocations=53 (full 10):
 PSYoungGen      total 1858560K, used 258656K [0x0000000715d80000, 0x00000007c0000000, 0x00000007c0000000)
  eden space 929280K, 0% used [0x0000000715d80000,0x0000000715d80000,0x000000074e900000)
  from space 929280K, 27% used [0x000000074e900000,0x000000075e598000,0x0000000787480000)
  to   space 929280K, 0% used [0x0000000787480000,0x0000000787480000,0x00000007c0000000)
 ParOldGen       total 4697088K, used 4088762K [0x00000005c1800000, 0x00000006e0300000, 0x0000000715d80000)
  object space 4697088K, 87% used [0x00000005c1800000,0x00000006bb0eeaa0,0x00000006e0300000)
 Metaspace       used 2851K, capacity 4564K, committed 4864K, reserved 1056768K
  class space    used 287K, capacity 388K, committed 512K, reserved 1048576K
}
Event: 201,734 GC heap before
{Heap before GC invocations=54 (full 10):
 PSYoungGen      total 1858560K, used 1187936K [0x0000000715d80000, 0x00000007c0000000, 0x00000007c0000000)
  eden space 929280K, 100% used [0x0000000715d80000,0x000000074e900000,0x000000074e900000)
  from space 929280K, 27% used [0x000000074e900000,0x000000075e598000,0x0000000787480000)
  to   space 929280K, 0% used [0x0000000787480000,0x0000000787480000,0x00000007c0000000)
 ParOldGen       total 4697088K, used 4088762K [0x00000005c1800000, 0x00000006e0300000, 0x0000000715d80000)
  object space 4697088K, 87% used [0x00000005c1800000,0x00000006bb0eeaa0,0x00000006e0300000)
 Metaspace       used 2851K, capacity 4564K, committed 4864K, reserved 1056768K
  class space    used 287K, capacity 388K, committed 512K, reserved 1048576K
Event: 202,537 GC heap after
Heap after GC invocations=54 (full 10):
 PSYoungGen      total 1858560K, used 261536K [0x0000000715d80000, 0x00000007c0000000, 0x00000007c0000000)
  eden space 929280K, 0% used [0x0000000715d80000,0x0000000715d80000,0x000000074e900000)
  from space 929280K, 28% used [0x0000000787480000,0x00000007973e8000,0x00000007c0000000)
  to   space 929280K, 0% used [0x000000074e900000,0x000000074e900000,0x0000000787480000)
 ParOldGen       total 4697088K, used 4217378K [0x00000005c1800000, 0x00000006e0300000, 0x0000000715d80000)
  object space 4697088K, 89% used [0x00000005c1800000,0x00000006c2e88aa0,0x00000006e0300000)
 Metaspace       used 2851K, capacity 4564K, committed 4864K, reserved 1056768K
  class space    used 287K, capacity 388K, committed 512K, reserved 1048576K
}
Event: 205,990 GC heap before
{Heap before GC invocations=55 (full 10):
 PSYoungGen      total 1858560K, used 1190816K [0x0000000715d80000, 0x00000007c0000000, 0x00000007c0000000)
  eden space 929280K, 100% used [0x0000000715d80000,0x000000074e900000,0x000000074e900000)
  from space 929280K, 28% used [0x0000000787480000,0x00000007973e8000,0x00000007c0000000)
  to   space 929280K, 0% used [0x000000074e900000,0x000000074e900000,0x0000000787480000)
 ParOldGen       total 4697088K, used 4217378K [0x00000005c1800000, 0x00000006e0300000, 0x0000000715d80000)
  object space 4697088K, 89% used [0x00000005c1800000,0x00000006c2e88aa0,0x00000006e0300000)
 Metaspace       used 2851K, capacity 4564K, committed 4864K, reserved 1056768K
  class space    used 287K, capacity 388K, committed 512K, reserved 1048576K
Event: 206,944 GC heap after
Heap after GC invocations=55 (full 10):
 PSYoungGen      total 1858560K, used 135008K [0x0000000715d80000, 0x00000007c0000000, 0x00000007c0000000)
  eden space 929280K, 0% used [0x0000000715d80000,0x0000000715d80000,0x000000074e900000)
  from space 929280K, 14% used [0x000000074e900000,0x0000000756cd8000,0x0000000787480000)
  to   space 929280K, 0% used [0x0000000787480000,0x0000000787480000,0x00000007c0000000)
 ParOldGen       total 4697088K, used 4479642K [0x00000005c1800000, 0x00000006e0300000, 0x0000000715d80000)
  object space 4697088K, 95% used [0x00000005c1800000,0x00000006d2ea6aa0,0x00000006e0300000)
 Metaspace       used 2851K, capacity 4564K, committed 4864K, reserved 1056768K
  class space    used 287K, capacity 388K, committed 512K, reserved 1048576K
}
Event: 206,944 GC heap before
{Heap before GC invocations=56 (full 11):
 PSYoungGen      total 1858560K, used 135008K [0x0000000715d80000, 0x00000007c0000000, 0x00000007c0000000)
  eden space 929280K, 0% used [0x0000000715d80000,0x0000000715d80000,0x000000074e900000)
  from space 929280K, 14% used [0x000000074e900000,0x0000000756cd8000,0x0000000787480000)
  to   space 929280K, 0% used [0x0000000787480000,0x0000000787480000,0x00000007c0000000)
 ParOldGen       total 4697088K, used 4479642K [0x00000005c1800000, 0x00000006e0300000, 0x0000000715d80000)
  object space 4697088K, 95% used [0x00000005c1800000,0x00000006d2ea6aa0,0x00000006e0300000)
 Metaspace       used 2851K, capacity 4564K, committed 4864K, reserved 1056768K
  class space    used 287K, capacity 388K, committed 512K, reserved 1048576K

