# JRE version: Java(TM) SE Runtime Environment (8.0_101-b13) (build 1.8.0_101-b13)
# Java VM: Java HotSpot(TM) 64-Bit Server VM (25.101-b13 mixed mode linux-amd64 compressed oops)
Heap:
 PSYoungGen      total 206336K, used 2784K [0x00000000ebb00000, 0x00000000f8880000, 0x0000000100000000)
  eden space 202752K, 0% used [0x00000000ebb00000,0x00000000ebb00000,0x00000000f8100000)
  from space 3584K, 77% used [0x00000000f8100000,0x00000000f83b8000,0x00000000f8480000)
  to   space 3072K, 0% used [0x00000000f8480000,0x00000000f8480000,0x00000000f8780000)
 ParOldGen       total 42496K, used 5952K [0x00000000c3000000, 0x00000000c5980000, 0x00000000ebb00000)
  object space 42496K, 14% used [0x00000000c3000000,0x00000000c35d0080,0x00000000c5980000)
 Metaspace       used 2664K, capacity 4568K, committed 4864K, reserved 1056768K
  class space    used 280K, capacity 392K, committed 512K, reserved 1048576K
GC Heap History (10 events):
Event: 0,912 GC heap after
Heap after GC invocations=6 (full 0):
 PSYoungGen      total 65536K, used 1748K [0x00000000ebb00000, 0x00000000efd00000, 0x0000000100000000)
  eden space 63488K, 0% used [0x00000000ebb00000,0x00000000ebb00000,0x00000000ef900000)
  from space 2048K, 85% used [0x00000000efb00000,0x00000000efcb5040,0x00000000efd00000)
  to   space 2048K, 0% used [0x00000000ef900000,0x00000000ef900000,0x00000000efb00000)
 ParOldGen       total 42496K, used 32K [0x00000000c3000000, 0x00000000c5980000, 0x00000000ebb00000)
  object space 42496K, 0% used [0x00000000c3000000,0x00000000c3008000,0x00000000c5980000)
 Metaspace       used 2650K, capacity 4568K, committed 4864K, reserved 1056768K
  class space    used 280K, capacity 392K, committed 512K, reserved 1048576K
}
Event: 1,096 GC heap before
{Heap before GC invocations=7 (full 0):
 PSYoungGen      total 65536K, used 65236K [0x00000000ebb00000, 0x00000000efd00000, 0x0000000100000000)
  eden space 63488K, 100% used [0x00000000ebb00000,0x00000000ef900000,0x00000000ef900000)
  from space 2048K, 85% used [0x00000000efb00000,0x00000000efcb5040,0x00000000efd00000)
  to   space 2048K, 0% used [0x00000000ef900000,0x00000000ef900000,0x00000000efb00000)
 ParOldGen       total 42496K, used 32K [0x00000000c3000000, 0x00000000c5980000, 0x00000000ebb00000)
  object space 42496K, 0% used [0x00000000c3000000,0x00000000c3008000,0x00000000c5980000)
 Metaspace       used 2656K, capacity 4568K, committed 4864K, reserved 1056768K
  class space    used 280K, capacity 392K, committed 512K, reserved 1048576K
Event: 1,101 GC heap after
Heap after GC invocations=7 (full 0):
 PSYoungGen      total 65536K, used 1700K [0x00000000ebb00000, 0x00000000f3c00000, 0x0000000100000000)
  eden space 63488K, 0% used [0x00000000ebb00000,0x00000000ebb00000,0x00000000ef900000)
  from space 2048K, 83% used [0x00000000ef900000,0x00000000efaa9010,0x00000000efb00000)
  to   space 2560K, 0% used [0x00000000f3980000,0x00000000f3980000,0x00000000f3c00000)
 ParOldGen       total 42496K, used 800K [0x00000000c3000000, 0x00000000c5980000, 0x00000000ebb00000)
  object space 42496K, 1% used [0x00000000c3000000,0x00000000c30c8070,0x00000000c5980000)
 Metaspace       used 2656K, capacity 4568K, committed 4864K, reserved 1056768K
  class space    used 280K, capacity 392K, committed 512K, reserved 1048576K
}
Event: 1,237 GC heap before
{Heap before GC invocations=8 (full 0):
 PSYoungGen      total 65536K, used 65188K [0x00000000ebb00000, 0x00000000f3c00000, 0x0000000100000000)
  eden space 63488K, 100% used [0x00000000ebb00000,0x00000000ef900000,0x00000000ef900000)
  from space 2048K, 83% used [0x00000000ef900000,0x00000000efaa9010,0x00000000efb00000)
  to   space 2560K, 0% used [0x00000000f3980000,0x00000000f3980000,0x00000000f3c00000)
 ParOldGen       total 42496K, used 800K [0x00000000c3000000, 0x00000000c5980000, 0x00000000ebb00000)
  object space 42496K, 1% used [0x00000000c3000000,0x00000000c30c8070,0x00000000c5980000)
 Metaspace       used 2656K, capacity 4568K, committed 4864K, reserved 1056768K
  class space    used 280K, capacity 392K, committed 512K, reserved 1048576K
Event: 1,248 GC heap after
Heap after GC invocations=8 (full 0):
 PSYoungGen      total 129536K, used 1960K [0x00000000ebb00000, 0x00000000f3c00000, 0x0000000100000000)
  eden space 126976K, 0% used [0x00000000ebb00000,0x00000000ebb00000,0x00000000f3700000)
  from space 2560K, 76% used [0x00000000f3980000,0x00000000f3b6a010,0x00000000f3c00000)
  to   space 2560K, 0% used [0x00000000f3700000,0x00000000f3700000,0x00000000f3980000)
 ParOldGen       total 42496K, used 1240K [0x00000000c3000000, 0x00000000c5980000, 0x00000000ebb00000)
  object space 42496K, 2% used [0x00000000c3000000,0x00000000c3136070,0x00000000c5980000)
 Metaspace       used 2656K, capacity 4568K, committed 4864K, reserved 1056768K
  class space    used 280K, capacity 392K, committed 512K, reserved 1048576K
}
Event: 1,633 GC heap before
{Heap before GC invocations=9 (full 0):
 PSYoungGen      total 129536K, used 128936K [0x00000000ebb00000, 0x00000000f3c00000, 0x0000000100000000)
  eden space 126976K, 100% used [0x00000000ebb00000,0x00000000f3700000,0x00000000f3700000)
  from space 2560K, 76% used [0x00000000f3980000,0x00000000f3b6a010,0x00000000f3c00000)
  to   space 2560K, 0% used [0x00000000f3700000,0x00000000f3700000,0x00000000f3980000)
 ParOldGen       total 42496K, used 1240K [0x00000000c3000000, 0x00000000c5980000, 0x00000000ebb00000)
  object space 42496K, 2% used [0x00000000c3000000,0x00000000c3136070,0x00000000c5980000)
 Metaspace       used 2656K, capacity 4568K, committed 4864K, reserved 1056768K
  class space    used 280K, capacity 392K, committed 512K, reserved 1048576K
Event: 1,649 GC heap after
Heap after GC invocations=9 (full 0):
 PSYoungGen      total 129536K, used 2536K [0x00000000ebb00000, 0x00000000f8780000, 0x0000000100000000)
  eden space 126976K, 0% used [0x00000000ebb00000,0x00000000ebb00000,0x00000000f3700000)
  from space 2560K, 99% used [0x00000000f3700000,0x00000000f397a010,0x00000000f3980000)
  to   space 3072K, 0% used [0x00000000f8480000,0x00000000f8480000,0x00000000f8780000)
 ParOldGen       total 42496K, used 1984K [0x00000000c3000000, 0x00000000c5980000, 0x00000000ebb00000)
  object space 42496K, 4% used [0x00000000c3000000,0x00000000c31f0070,0x00000000c5980000)
 Metaspace       used 2656K, capacity 4568K, committed 4864K, reserved 1056768K
  class space    used 280K, capacity 392K, committed 512K, reserved 1048576K
}
Event: 1,900 GC heap before
{Heap before GC invocations=10 (full 0):
 PSYoungGen      total 129536K, used 129512K [0x00000000ebb00000, 0x00000000f8780000, 0x0000000100000000)
  eden space 126976K, 100% used [0x00000000ebb00000,0x00000000f3700000,0x00000000f3700000)
  from space 2560K, 99% used [0x00000000f3700000,0x00000000f397a010,0x00000000f3980000)
  to   space 3072K, 0% used [0x00000000f8480000,0x00000000f8480000,0x00000000f8780000)
 ParOldGen       total 42496K, used 1984K [0x00000000c3000000, 0x00000000c5980000, 0x00000000ebb00000)
  object space 42496K, 4% used [0x00000000c3000000,0x00000000c31f0070,0x00000000c5980000)
 Metaspace       used 2656K, capacity 4568K, committed 4864K, reserved 1056768K
  class space    used 280K, capacity 392K, committed 512K, reserved 1048576K
Event: 1,934 GC heap after
Heap after GC invocations=10 (full 0):
 PSYoungGen      total 205824K, used 2928K [0x00000000ebb00000, 0x00000000f8880000, 0x0000000100000000)
  eden space 202752K, 0% used [0x00000000ebb00000,0x00000000ebb00000,0x00000000f8100000)
  from space 3072K, 95% used [0x00000000f8480000,0x00000000f875c010,0x00000000f8780000)
  to   space 3584K, 0% used [0x00000000f8100000,0x00000000f8100000,0x00000000f8480000)
 ParOldGen       total 42496K, used 3088K [0x00000000c3000000, 0x00000000c5980000, 0x00000000ebb00000)
  object space 42496K, 7% used [0x00000000c3000000,0x00000000c3304070,0x00000000c5980000)
 Metaspace       used 2656K, capacity 4568K, committed 4864K, reserved 1056768K
  class space    used 280K, capacity 392K, committed 512K, reserved 1048576K
}
Event: 5,079 GC heap before
{Heap before GC invocations=11 (full 0):
 PSYoungGen      total 205824K, used 205680K [0x00000000ebb00000, 0x00000000f8880000, 0x0000000100000000)
  eden space 202752K, 100% used [0x00000000ebb00000,0x00000000f8100000,0x00000000f8100000)
  from space 3072K, 95% used [0x00000000f8480000,0x00000000f875c010,0x00000000f8780000)
  to   space 3584K, 0% used [0x00000000f8100000,0x00000000f8100000,0x00000000f8480000)
 ParOldGen       total 42496K, used 3088K [0x00000000c3000000, 0x00000000c5980000, 0x00000000ebb00000)
  object space 42496K, 7% used [0x00000000c3000000,0x00000000c3304070,0x00000000c5980000)
 Metaspace       used 2664K, capacity 4568K, committed 4864K, reserved 1056768K
  class space    used 280K, capacity 392K, committed 512K, reserved 1048576K

