# JRE version: Java(TM) SE Runtime Environment (8.0_121-b13) (build 1.8.0_121-b13)
# Java VM: Java HotSpot(TM) 64-Bit Server VM (25.121-b13 mixed mode linux-amd64 compressed oops)
Heap:
 PSYoungGen      total 1836032K, used 193439K [0x0000000715d80000, 0x00000007bea00000, 0x00000007c0000000)
  eden space 929280K, 0% used [0x0000000715d80000,0x0000000715d80000,0x000000074e900000)
  from space 906752K, 21% used [0x0000000787480000,0x0000000793167fc8,0x00000007bea00000)
  to   space 918016K, 0% used [0x000000074e900000,0x000000074e900000,0x0000000786980000)
 ParOldGen       total 4977152K, used 4977031K [0x00000005c1800000, 0x00000006f1480000, 0x0000000715d80000)
  object space 4977152K, 99% used [0x00000005c1800000,0x00000006f1461fe0,0x00000006f1480000)
 Metaspace       used 2851K, capacity 4564K, committed 4864K, reserved 1056768K
  class space    used 287K, capacity 388K, committed 512K, reserved 1048576K
GC Heap History (10 events):
Event: 216,416 GC heap after
Heap after GC invocations=56 (full 10):
 PSYoungGen      total 1815552K, used 702560K [0x0000000715d80000, 0x00000007c0000000, 0x00000007c0000000)
  eden space 923136K, 0% used [0x0000000715d80000,0x0000000715d80000,0x000000074e300000)
  from space 892416K, 78% used [0x0000000786e80000,0x00000007b1c98000,0x00000007bd600000)
  to   space 929280K, 0% used [0x000000074e300000,0x000000074e300000,0x0000000786e80000)
 ParOldGen       total 4977152K, used 3937141K [0x00000005c1800000, 0x00000006f1480000, 0x0000000715d80000)
  object space 4977152K, 79% used [0x00000005c1800000,0x00000006b1cdd6e0,0x00000006f1480000)
 Metaspace       used 2851K, capacity 4564K, committed 4864K, reserved 1056768K
  class space    used 287K, capacity 388K, committed 512K, reserved 1048576K
}
Event: 219,586 GC heap before
{Heap before GC invocations=57 (full 10):
 PSYoungGen      total 1815552K, used 1625696K [0x0000000715d80000, 0x00000007c0000000, 0x00000007c0000000)
  eden space 923136K, 100% used [0x0000000715d80000,0x000000074e300000,0x000000074e300000)
  from space 892416K, 78% used [0x0000000786e80000,0x00000007b1c98000,0x00000007bd600000)
  to   space 929280K, 0% used [0x000000074e300000,0x000000074e300000,0x0000000786e80000)
 ParOldGen       total 4977152K, used 3937141K [0x00000005c1800000, 0x00000006f1480000, 0x0000000715d80000)
  object space 4977152K, 79% used [0x00000005c1800000,0x00000006b1cdd6e0,0x00000006f1480000)
 Metaspace       used 2851K, capacity 4564K, committed 4864K, reserved 1056768K
  class space    used 287K, capacity 388K, committed 512K, reserved 1048576K
Event: 221,319 GC heap after
Heap after GC invocations=57 (full 10):
 PSYoungGen      total 1852416K, used 575392K [0x0000000715d80000, 0x00000007c0000000, 0x00000007c0000000)
  eden space 923136K, 0% used [0x0000000715d80000,0x0000000715d80000,0x000000074e300000)
  from space 929280K, 61% used [0x000000074e300000,0x00000007714e8000,0x0000000786e80000)
  to   space 913408K, 0% used [0x0000000788400000,0x0000000788400000,0x00000007c0000000)
 ParOldGen       total 4977152K, used 4198917K [0x00000005c1800000, 0x00000006f1480000, 0x0000000715d80000)
  object space 4977152K, 84% used [0x00000005c1800000,0x00000006c1c816e0,0x00000006f1480000)
 Metaspace       used 2851K, capacity 4564K, committed 4864K, reserved 1056768K
  class space    used 287K, capacity 388K, committed 512K, reserved 1048576K
}
Event: 224,363 GC heap before
{Heap before GC invocations=58 (full 10):
 PSYoungGen      total 1852416K, used 1498528K [0x0000000715d80000, 0x00000007c0000000, 0x00000007c0000000)
  eden space 923136K, 100% used [0x0000000715d80000,0x000000074e300000,0x000000074e300000)
  from space 929280K, 61% used [0x000000074e300000,0x00000007714e8000,0x0000000786e80000)
  to   space 913408K, 0% used [0x0000000788400000,0x0000000788400000,0x00000007c0000000)
 ParOldGen       total 4977152K, used 4198917K [0x00000005c1800000, 0x00000006f1480000, 0x0000000715d80000)
  object space 4977152K, 84% used [0x00000005c1800000,0x00000006c1c816e0,0x00000006f1480000)
 Metaspace       used 2851K, capacity 4564K, committed 4864K, reserved 1056768K
  class space    used 287K, capacity 388K, committed 512K, reserved 1048576K
Event: 225,682 GC heap after
Heap after GC invocations=58 (full 10):
 PSYoungGen      total 1842688K, used 709376K [0x0000000715d80000, 0x00000007c0000000, 0x00000007c0000000)
  eden space 929280K, 0% used [0x0000000715d80000,0x0000000715d80000,0x000000074e900000)
  from space 913408K, 77% used [0x0000000788400000,0x00000007b38c0000,0x00000007c0000000)
  to   space 929280K, 0% used [0x000000074e900000,0x000000074e900000,0x0000000787480000)
 ParOldGen       total 4977152K, used 4198917K [0x00000005c1800000, 0x00000006f1480000, 0x0000000715d80000)
  object space 4977152K, 84% used [0x00000005c1800000,0x00000006c1c816e0,0x00000006f1480000)
 Metaspace       used 2851K, capacity 4564K, committed 4864K, reserved 1056768K
  class space    used 287K, capacity 388K, committed 512K, reserved 1048576K
}
Event: 228,729 GC heap before
{Heap before GC invocations=59 (full 10):
 PSYoungGen      total 1842688K, used 1638656K [0x0000000715d80000, 0x00000007c0000000, 0x00000007c0000000)
  eden space 929280K, 100% used [0x0000000715d80000,0x000000074e900000,0x000000074e900000)
  from space 913408K, 77% used [0x0000000788400000,0x00000007b38c0000,0x00000007c0000000)
  to   space 929280K, 0% used [0x000000074e900000,0x000000074e900000,0x0000000787480000)
 ParOldGen       total 4977152K, used 4198917K [0x00000005c1800000, 0x00000006f1480000, 0x0000000715d80000)
  object space 4977152K, 84% used [0x00000005c1800000,0x00000006c1c816e0,0x00000006f1480000)
 Metaspace       used 2851K, capacity 4564K, committed 4864K, reserved 1056768K
  class space    used 287K, capacity 388K, committed 512K, reserved 1048576K
Event: 230,371 GC heap after
Heap after GC invocations=59 (full 10):
 PSYoungGen      total 1858560K, used 675392K [0x0000000715d80000, 0x00000007c0000000, 0x00000007c0000000)
  eden space 929280K, 0% used [0x0000000715d80000,0x0000000715d80000,0x000000074e900000)
  from space 929280K, 72% used [0x000000074e900000,0x0000000777c90000,0x0000000787480000)
  to   space 929280K, 0% used [0x0000000787480000,0x0000000787480000,0x00000007c0000000)
 ParOldGen       total 4977152K, used 4366613K [0x00000005c1800000, 0x00000006f1480000, 0x0000000715d80000)
  object space 4977152K, 87% used [0x00000005c1800000,0x00000006cc0456e0,0x00000006f1480000)
 Metaspace       used 2851K, capacity 4564K, committed 4864K, reserved 1056768K
  class space    used 287K, capacity 388K, committed 512K, reserved 1048576K
}
Event: 234,097 GC heap before
{Heap before GC invocations=60 (full 10):
 PSYoungGen      total 1858560K, used 1604672K [0x0000000715d80000, 0x00000007c0000000, 0x00000007c0000000)
  eden space 929280K, 100% used [0x0000000715d80000,0x000000074e900000,0x000000074e900000)
  from space 929280K, 72% used [0x000000074e900000,0x0000000777c90000,0x0000000787480000)
  to   space 929280K, 0% used [0x0000000787480000,0x0000000787480000,0x00000007c0000000)
 ParOldGen       total 4977152K, used 4366613K [0x00000005c1800000, 0x00000006f1480000, 0x0000000715d80000)
  object space 4977152K, 87% used [0x00000005c1800000,0x00000006cc0456e0,0x00000006f1480000)
 Metaspace       used 2851K, capacity 4564K, committed 4864K, reserved 1056768K
  class space    used 287K, capacity 388K, committed 512K, reserved 1048576K
Event: 235,679 GC heap after
Heap after GC invocations=60 (full 10):
 PSYoungGen      total 1836032K, used 532128K [0x0000000715d80000, 0x00000007bea00000, 0x00000007c0000000)
  eden space 929280K, 0% used [0x0000000715d80000,0x0000000715d80000,0x000000074e900000)
  from space 906752K, 58% used [0x0000000787480000,0x00000007a7c28000,0x00000007bea00000)
  to   space 918016K, 0% used [0x000000074e900000,0x000000074e900000,0x0000000786980000)
 ParOldGen       total 4977152K, used 4641757K [0x00000005c1800000, 0x00000006f1480000, 0x0000000715d80000)
  object space 4977152K, 93% used [0x00000005c1800000,0x00000006dccf76e0,0x00000006f1480000)
 Metaspace       used 2851K, capacity 4564K, committed 4864K, reserved 1056768K
  class space    used 287K, capacity 388K, committed 512K, reserved 1048576K
}
Event: 235,679 GC heap before
{Heap before GC invocations=61 (full 11):
 PSYoungGen      total 1836032K, used 532128K [0x0000000715d80000, 0x00000007bea00000, 0x00000007c0000000)
  eden space 929280K, 0% used [0x0000000715d80000,0x0000000715d80000,0x000000074e900000)
  from space 906752K, 58% used [0x0000000787480000,0x00000007a7c28000,0x00000007bea00000)
  to   space 918016K, 0% used [0x000000074e900000,0x000000074e900000,0x0000000786980000)
 ParOldGen       total 4977152K, used 4641757K [0x00000005c1800000, 0x00000006f1480000, 0x0000000715d80000)
  object space 4977152K, 93% used [0x00000005c1800000,0x00000006dccf76e0,0x00000006f1480000)
 Metaspace       used 2851K, capacity 4564K, committed 4864K, reserved 1056768K
  class space    used 287K, capacity 388K, committed 512K, reserved 1048576K

