# JRE version: Java(TM) SE Runtime Environment (8.0_121-b13) (build 1.8.0_121-b13)
# Java VM: Java HotSpot(TM) 64-Bit Server VM (25.121-b13 mixed mode linux-amd64 compressed oops)
Heap:
 PSYoungGen      total 3906560K, used 781024K [0x000000065a580000, 0x00000007c0000000, 0x00000007c0000000)
  eden space 1953280K, 39% used [0x000000065a580000,0x000000068a0303f8,0x00000006d1900000)
  from space 1953280K, 0% used [0x00000006d1900000,0x00000006d1908000,0x0000000748c80000)
  to   space 1953280K, 0% used [0x0000000748c80000,0x0000000748c80000,0x00000007c0000000)
 ParOldGen       total 9964032K, used 9015987K [0x000000038f000000, 0x00000005ef280000, 0x000000065a580000)
  object space 9964032K, 90% used [0x000000038f000000,0x00000005b54acfb0,0x00000005ef280000)
 Metaspace       used 2920K, capacity 4566K, committed 4864K, reserved 1056768K
  class space    used 290K, capacity 390K, committed 512K, reserved 1048576K
GC Heap History (10 events):
Event: 562,174 GC heap before
{Heap before GC invocations=76 (full 13):
 PSYoungGen      total 3906560K, used 534944K [0x000000065a580000, 0x00000007c0000000, 0x00000007c0000000)
  eden space 1953280K, 0% used [0x000000065a580000,0x000000065a580000,0x00000006d1900000)
  from space 1953280K, 27% used [0x00000006d1900000,0x00000006f2368000,0x0000000748c80000)
  to   space 1953280K, 0% used [0x0000000748c80000,0x0000000748c80000,0x00000007c0000000)
 ParOldGen       total 7368192K, used 7290990K [0x000000038f000000, 0x0000000550b80000, 0x000000065a580000)
  object space 7368192K, 98% used [0x000000038f000000,0x000000054c01bac8,0x0000000550b80000)
 Metaspace       used 2851K, capacity 4564K, committed 4864K, reserved 1056768K
  class space    used 287K, capacity 388K, committed 512K, reserved 1048576K
Event: 658,052 GC heap after
Heap after GC invocations=76 (full 13):
 PSYoungGen      total 3906560K, used 452545K [0x000000065a580000, 0x00000007c0000000, 0x00000007c0000000)
  eden space 1953280K, 0% used [0x000000065a580000,0x000000065a580000,0x00000006d1900000)
  from space 1953280K, 23% used [0x00000006d1900000,0x00000006ed2f07a0,0x0000000748c80000)
  to   space 1953280K, 0% used [0x0000000748c80000,0x0000000748c80000,0x00000007c0000000)
 ParOldGen       total 8931328K, used 7367819K [0x000000038f000000, 0x00000005b0200000, 0x000000065a580000)
  object space 8931328K, 82% used [0x000000038f000000,0x0000000550b22f80,0x00000005b0200000)
 Metaspace       used 2851K, capacity 4564K, committed 4864K, reserved 1056768K
  class space    used 287K, capacity 388K, committed 512K, reserved 1048576K
}
Event: 731,110 GC heap before
{Heap before GC invocations=77 (full 13):
 PSYoungGen      total 3906560K, used 2405825K [0x000000065a580000, 0x00000007c0000000, 0x00000007c0000000)
  eden space 1953280K, 100% used [0x000000065a580000,0x00000006d1900000,0x00000006d1900000)
  from space 1953280K, 23% used [0x00000006d1900000,0x00000006ed2f07a0,0x0000000748c80000)
  to   space 1953280K, 0% used [0x0000000748c80000,0x0000000748c80000,0x00000007c0000000)
 ParOldGen       total 8931328K, used 7367819K [0x000000038f000000, 0x00000005b0200000, 0x000000065a580000)
  object space 8931328K, 82% used [0x000000038f000000,0x0000000550b22f80,0x00000005b0200000)
 Metaspace       used 2920K, capacity 4566K, committed 4864K, reserved 1056768K
  class space    used 290K, capacity 390K, committed 512K, reserved 1048576K
Event: 765,532 GC heap after
Heap after GC invocations=77 (full 13):
 PSYoungGen      total 3906560K, used 290272K [0x000000065a580000, 0x00000007c0000000, 0x00000007c0000000)
  eden space 1953280K, 0% used [0x000000065a580000,0x000000065a580000,0x00000006d1900000)
  from space 1953280K, 14% used [0x0000000748c80000,0x000000075a7f8010,0x00000007c0000000)
  to   space 1953280K, 0% used [0x00000006d1900000,0x00000006d1900000,0x0000000748c80000)
 ParOldGen       total 8931328K, used 7822155K [0x000000038f000000, 0x00000005b0200000, 0x000000065a580000)
  object space 8931328K, 87% used [0x000000038f000000,0x000000056c6d2f80,0x00000005b0200000)
 Metaspace       used 2920K, capacity 4566K, committed 4864K, reserved 1056768K
  class space    used 290K, capacity 390K, committed 512K, reserved 1048576K
}
Event: 782,967 GC heap before
{Heap before GC invocations=78 (full 13):
 PSYoungGen      total 3906560K, used 2243552K [0x000000065a580000, 0x00000007c0000000, 0x00000007c0000000)
  eden space 1953280K, 100% used [0x000000065a580000,0x00000006d1900000,0x00000006d1900000)
  from space 1953280K, 14% used [0x0000000748c80000,0x000000075a7f8010,0x00000007c0000000)
  to   space 1953280K, 0% used [0x00000006d1900000,0x00000006d1900000,0x0000000748c80000)
 ParOldGen       total 8931328K, used 7822155K [0x000000038f000000, 0x00000005b0200000, 0x000000065a580000)
  object space 8931328K, 87% used [0x000000038f000000,0x000000056c6d2f80,0x00000005b0200000)
 Metaspace       used 2920K, capacity 4566K, committed 4864K, reserved 1056768K
  class space    used 290K, capacity 390K, committed 512K, reserved 1048576K
Event: 790,578 GC heap after
Heap after GC invocations=78 (full 13):
 PSYoungGen      total 3906560K, used 516128K [0x000000065a580000, 0x00000007c0000000, 0x00000007c0000000)
  eden space 1953280K, 0% used [0x000000065a580000,0x000000065a580000,0x00000006d1900000)
  from space 1953280K, 26% used [0x00000006d1900000,0x00000006f1108010,0x0000000748c80000)
  to   space 1953280K, 0% used [0x0000000748c80000,0x0000000748c80000,0x00000007c0000000)
 ParOldGen       total 8931328K, used 7983795K [0x000000038f000000, 0x00000005b0200000, 0x000000065a580000)
  object space 8931328K, 89% used [0x000000038f000000,0x00000005764acfa0,0x00000005b0200000)
 Metaspace       used 2920K, capacity 4566K, committed 4864K, reserved 1056768K
  class space    used 290K, capacity 390K, committed 512K, reserved 1048576K
}
Event: 838,356 GC heap before
{Heap before GC invocations=79 (full 13):
 PSYoungGen      total 3906560K, used 2469408K [0x000000065a580000, 0x00000007c0000000, 0x00000007c0000000)
  eden space 1953280K, 100% used [0x000000065a580000,0x00000006d1900000,0x00000006d1900000)
  from space 1953280K, 26% used [0x00000006d1900000,0x00000006f1108010,0x0000000748c80000)
  to   space 1953280K, 0% used [0x0000000748c80000,0x0000000748c80000,0x00000007c0000000)
 ParOldGen       total 9964032K, used 9015987K [0x000000038f000000, 0x00000005ef280000, 0x000000065a580000)
  object space 9964032K, 90% used [0x000000038f000000,0x00000005b54acfb0,0x00000005ef280000)
 Metaspace       used 2920K, capacity 4566K, committed 4864K, reserved 1056768K
  class space    used 290K, capacity 390K, committed 512K, reserved 1048576K
Event: 840,883 GC heap after
Heap after GC invocations=79 (full 13):
 PSYoungGen      total 3906560K, used 32K [0x000000065a580000, 0x00000007c0000000, 0x00000007c0000000)
  eden space 1953280K, 0% used [0x000000065a580000,0x000000065a580000,0x00000006d1900000)
  from space 1953280K, 0% used [0x0000000748c80000,0x0000000748c88000,0x00000007c0000000)
  to   space 1953280K, 0% used [0x00000006d1900000,0x00000006d1900000,0x0000000748c80000)
 ParOldGen       total 9964032K, used 9015987K [0x000000038f000000, 0x00000005ef280000, 0x000000065a580000)
  object space 9964032K, 90% used [0x000000038f000000,0x00000005b54acfb0,0x00000005ef280000)
 Metaspace       used 2920K, capacity 4566K, committed 4864K, reserved 1056768K
  class space    used 290K, capacity 390K, committed 512K, reserved 1048576K
}
Event: 878,698 GC heap before
{Heap before GC invocations=80 (full 13):
 PSYoungGen      total 3906560K, used 1953312K [0x000000065a580000, 0x00000007c0000000, 0x00000007c0000000)
  eden space 1953280K, 100% used [0x000000065a580000,0x00000006d1900000,0x00000006d1900000)
  from space 1953280K, 0% used [0x0000000748c80000,0x0000000748c88000,0x00000007c0000000)
  to   space 1953280K, 0% used [0x00000006d1900000,0x00000006d1900000,0x0000000748c80000)
 ParOldGen       total 9964032K, used 9015987K [0x000000038f000000, 0x00000005ef280000, 0x000000065a580000)
  object space 9964032K, 90% used [0x000000038f000000,0x00000005b54acfb0,0x00000005ef280000)
 Metaspace       used 2920K, capacity 4566K, committed 4864K, reserved 1056768K
  class space    used 290K, capacity 390K, committed 512K, reserved 1048576K
Event: 881,335 GC heap after
Heap after GC invocations=80 (full 13):
 PSYoungGen      total 3906560K, used 32K [0x000000065a580000, 0x00000007c0000000, 0x00000007c0000000)
  eden space 1953280K, 0% used [0x000000065a580000,0x000000065a580000,0x00000006d1900000)
  from space 1953280K, 0% used [0x00000006d1900000,0x00000006d1908000,0x0000000748c80000)
  to   space 1953280K, 0% used [0x0000000748c80000,0x0000000748c80000,0x00000007c0000000)
 ParOldGen       total 9964032K, used 9015987K [0x000000038f000000, 0x00000005ef280000, 0x000000065a580000)
  object space 9964032K, 90% used [0x000000038f000000,0x00000005b54acfb0,0x00000005ef280000)
 Metaspace       used 2920K, capacity 4566K, committed 4864K, reserved 1056768K
  class space    used 290K, capacity 390K, committed 512K, reserved 1048576K
}

