# JRE version: Java(TM) SE Runtime Environment (8.0_121-b13) (build 1.8.0_121-b13)
# Java VM: Java HotSpot(TM) 64-Bit Server VM (25.121-b13 mixed mode linux-amd64 compressed oops)
Heap:
 PSYoungGen      total 1156096K, used 150567K [0x000000072ab00000, 0x00000007be100000, 0x00000007c0000000)
  eden space 816128K, 0% used [0x000000072ab00000,0x000000072ab00000,0x000000075c800000)
  from space 339968K, 44% used [0x000000075c800000,0x0000000765b09d30,0x0000000771400000)
  to   space 799232K, 0% used [0x000000078d480000,0x000000078d480000,0x00000007be100000)
 ParOldGen       total 4313088K, used 4312586K [0x0000000600000000, 0x0000000707400000, 0x000000072ab00000)
  object space 4313088K, 99% used [0x0000000600000000,0x0000000707382b80,0x0000000707400000)
 Metaspace       used 2857K, capacity 4566K, committed 4864K, reserved 1056768K
  class space    used 288K, capacity 390K, committed 512K, reserved 1048576K
GC Heap History (10 events):
Event: 774,294 GC heap after
Heap after GC invocations=70 (full 9):
 PSYoungGen      total 1639424K, used 559427K [0x000000072ab00000, 0x00000007c0000000, 0x00000007c0000000)
  eden space 893440K, 0% used [0x000000072ab00000,0x000000072ab00000,0x0000000761380000)
  from space 745984K, 74% used [0x0000000761380000,0x00000007835d0fc8,0x000000078ec00000)
  to   space 801792K, 0% used [0x000000078f100000,0x000000078f100000,0x00000007c0000000)
 ParOldGen       total 4313088K, used 3691945K [0x0000000600000000, 0x0000000707400000, 0x000000072ab00000)
  object space 4313088K, 85% used [0x0000000600000000,0x00000006e156a458,0x0000000707400000)
 Metaspace       used 2857K, capacity 4566K, committed 4864K, reserved 1056768K
  class space    used 288K, capacity 390K, committed 512K, reserved 1048576K
}
Event: 785,263 GC heap before
{Heap before GC invocations=71 (full 9):
 PSYoungGen      total 1639424K, used 1452867K [0x000000072ab00000, 0x00000007c0000000, 0x00000007c0000000)
  eden space 893440K, 100% used [0x000000072ab00000,0x0000000761380000,0x0000000761380000)
  from space 745984K, 74% used [0x0000000761380000,0x00000007835d0fc8,0x000000078ec00000)
  to   space 801792K, 0% used [0x000000078f100000,0x000000078f100000,0x00000007c0000000)
 ParOldGen       total 4313088K, used 3691945K [0x0000000600000000, 0x0000000707400000, 0x000000072ab00000)
  object space 4313088K, 85% used [0x0000000600000000,0x00000006e156a458,0x0000000707400000)
 Metaspace       used 2857K, capacity 4566K, committed 4864K, reserved 1056768K
  class space    used 288K, capacity 390K, committed 512K, reserved 1048576K
Event: 785,724 GC heap after
Heap after GC invocations=71 (full 9):
 PSYoungGen      total 1617920K, used 630755K [0x000000072ab00000, 0x00000007c0000000, 0x00000007c0000000)
  eden space 816128K, 0% used [0x000000072ab00000,0x000000072ab00000,0x000000075c800000)
  from space 801792K, 78% used [0x000000078f100000,0x00000007b58f8fc8,0x00000007c0000000)
  to   space 815104K, 0% used [0x000000075c800000,0x000000075c800000,0x000000078e400000)
 ParOldGen       total 4313088K, used 3691945K [0x0000000600000000, 0x0000000707400000, 0x000000072ab00000)
  object space 4313088K, 85% used [0x0000000600000000,0x00000006e156a458,0x0000000707400000)
 Metaspace       used 2857K, capacity 4566K, committed 4864K, reserved 1056768K
  class space    used 288K, capacity 390K, committed 512K, reserved 1048576K
}
Event: 796,580 GC heap before
{Heap before GC invocations=72 (full 9):
 PSYoungGen      total 1617920K, used 1446883K [0x000000072ab00000, 0x00000007c0000000, 0x00000007c0000000)
  eden space 816128K, 100% used [0x000000072ab00000,0x000000075c800000,0x000000075c800000)
  from space 801792K, 78% used [0x000000078f100000,0x00000007b58f8fc8,0x00000007c0000000)
  to   space 815104K, 0% used [0x000000075c800000,0x000000075c800000,0x000000078e400000)
 ParOldGen       total 4313088K, used 3691945K [0x0000000600000000, 0x0000000707400000, 0x000000072ab00000)
  object space 4313088K, 85% used [0x0000000600000000,0x00000006e156a458,0x0000000707400000)
 Metaspace       used 2857K, capacity 4566K, committed 4864K, reserved 1056768K
  class space    used 288K, capacity 390K, committed 512K, reserved 1048576K
Event: 797,233 GC heap after
Heap after GC invocations=72 (full 9):
 PSYoungGen      total 1631232K, used 490656K [0x000000072ab00000, 0x00000007c0000000, 0x00000007c0000000)
  eden space 816128K, 0% used [0x000000072ab00000,0x000000072ab00000,0x000000075c800000)
  from space 815104K, 60% used [0x000000075c800000,0x000000077a728000,0x000000078e400000)
  to   space 815104K, 0% used [0x000000078e400000,0x000000078e400000,0x00000007c0000000)
 ParOldGen       total 4313088K, used 3898397K [0x0000000600000000, 0x0000000707400000, 0x000000072ab00000)
  object space 4313088K, 90% used [0x0000000600000000,0x00000006edf07420,0x0000000707400000)
 Metaspace       used 2857K, capacity 4566K, committed 4864K, reserved 1056768K
  class space    used 288K, capacity 390K, committed 512K, reserved 1048576K
}
Event: 808,146 GC heap before
{Heap before GC invocations=73 (full 9):
 PSYoungGen      total 1631232K, used 1306784K [0x000000072ab00000, 0x00000007c0000000, 0x00000007c0000000)
  eden space 816128K, 100% used [0x000000072ab00000,0x000000075c800000,0x000000075c800000)
  from space 815104K, 60% used [0x000000075c800000,0x000000077a728000,0x000000078e400000)
  to   space 815104K, 0% used [0x000000078e400000,0x000000078e400000,0x00000007c0000000)
 ParOldGen       total 4313088K, used 3898397K [0x0000000600000000, 0x0000000707400000, 0x000000072ab00000)
  object space 4313088K, 90% used [0x0000000600000000,0x00000006edf07420,0x0000000707400000)
 Metaspace       used 2857K, capacity 4566K, committed 4864K, reserved 1056768K
  class space    used 288K, capacity 390K, committed 512K, reserved 1048576K
Event: 809,089 GC heap after
Heap after GC invocations=73 (full 9):
 PSYoungGen      total 1631232K, used 418304K [0x000000072ab00000, 0x00000007c0000000, 0x00000007c0000000)
  eden space 816128K, 0% used [0x000000072ab00000,0x000000072ab00000,0x000000075c800000)
  from space 815104K, 51% used [0x000000078e400000,0x00000007a7c80000,0x00000007c0000000)
  to   space 815104K, 0% used [0x000000075c800000,0x000000075c800000,0x000000078e400000)
 ParOldGen       total 4313088K, used 4036549K [0x0000000600000000, 0x0000000707400000, 0x000000072ab00000)
  object space 4313088K, 93% used [0x0000000600000000,0x00000006f65f1420,0x0000000707400000)
 Metaspace       used 2857K, capacity 4566K, committed 4864K, reserved 1056768K
  class space    used 288K, capacity 390K, committed 512K, reserved 1048576K
}
Event: 819,568 GC heap before
{Heap before GC invocations=74 (full 9):
 PSYoungGen      total 1631232K, used 1234432K [0x000000072ab00000, 0x00000007c0000000, 0x00000007c0000000)
  eden space 816128K, 100% used [0x000000072ab00000,0x000000075c800000,0x000000075c800000)
  from space 815104K, 51% used [0x000000078e400000,0x00000007a7c80000,0x00000007c0000000)
  to   space 815104K, 0% used [0x000000075c800000,0x000000075c800000,0x000000078e400000)
 ParOldGen       total 4313088K, used 4036549K [0x0000000600000000, 0x0000000707400000, 0x000000072ab00000)
  object space 4313088K, 93% used [0x0000000600000000,0x00000006f65f1420,0x0000000707400000)
 Metaspace       used 2857K, capacity 4566K, committed 4864K, reserved 1056768K
  class space    used 288K, capacity 390K, committed 512K, reserved 1048576K
Event: 820,431 GC heap after
Heap after GC invocations=74 (full 9):
 PSYoungGen      total 1156096K, used 339712K [0x000000072ab00000, 0x00000007be100000, 0x00000007c0000000)
  eden space 816128K, 0% used [0x000000072ab00000,0x000000072ab00000,0x000000075c800000)
  from space 339968K, 99% used [0x000000075c800000,0x00000007713c0000,0x0000000771400000)
  to   space 799232K, 0% used [0x000000078d480000,0x000000078d480000,0x00000007be100000)
 ParOldGen       total 4313088K, used 4181109K [0x0000000600000000, 0x0000000707400000, 0x000000072ab00000)
  object space 4313088K, 96% used [0x0000000600000000,0x00000006ff31d420,0x0000000707400000)
 Metaspace       used 2857K, capacity 4566K, committed 4864K, reserved 1056768K
  class space    used 288K, capacity 390K, committed 512K, reserved 1048576K
}
Event: 820,432 GC heap before
{Heap before GC invocations=75 (full 10):
 PSYoungGen      total 1156096K, used 339712K [0x000000072ab00000, 0x00000007be100000, 0x00000007c0000000)
  eden space 816128K, 0% used [0x000000072ab00000,0x000000072ab00000,0x000000075c800000)
  from space 339968K, 99% used [0x000000075c800000,0x00000007713c0000,0x0000000771400000)
  to   space 799232K, 0% used [0x000000078d480000,0x000000078d480000,0x00000007be100000)
 ParOldGen       total 4313088K, used 4181109K [0x0000000600000000, 0x0000000707400000, 0x000000072ab00000)
  object space 4313088K, 96% used [0x0000000600000000,0x00000006ff31d420,0x0000000707400000)
 Metaspace       used 2857K, capacity 4566K, committed 4864K, reserved 1056768K
  class space    used 288K, capacity 390K, committed 512K, reserved 1048576K

